\BOOKMARK [1][-]{section.1}{Zadanie}{}% 1
\BOOKMARK [2][-]{subsection.1.1}{Tresc}{section.1}% 2
\BOOKMARK [2][-]{subsection.1.2}{Interpretacja}{section.1}% 3
\BOOKMARK [1][-]{section.2}{Algorytmy}{}% 4
\BOOKMARK [2][-]{subsection.2.1}{Algorytm k-srednich}{section.2}% 5
\BOOKMARK [2][-]{subsection.2.2}{Algorytm k-medoid\363w}{section.2}% 6
\BOOKMARK [2][-]{subsection.2.3}{Algorytm hierarchiczny}{section.2}% 7
\BOOKMARK [2][-]{subsection.2.4}{Drzewa decyzyjne}{section.2}% 8
\BOOKMARK [2][-]{subsection.2.5}{Metoda k najblizszych sasiad\363w}{section.2}% 9
\BOOKMARK [1][-]{section.3}{Opis badan}{}% 10
\BOOKMARK [2][-]{subsection.3.1}{Planowane eksperymenty}{section.3}% 11
\BOOKMARK [2][-]{subsection.3.2}{Zbiory danych}{section.3}% 12
\BOOKMARK [2][-]{subsection.3.3}{Ocena jakosci}{section.3}% 13
\BOOKMARK [1][-]{section.4}{Kwestie otwarte}{}% 14
\BOOKMARK [1][-]{section.5}{Opis programu}{}% 15
\BOOKMARK [1][-]{section.6}{Wyniki}{}% 16
\BOOKMARK [2][-]{subsection.6.1}{Anomalie jako jedna z grup}{section.6}% 17
\BOOKMARK [3][-]{subsubsection.6.1.1}{Grupowanie za pomoca algorytmu k-srednich }{subsection.6.1}% 18
\BOOKMARK [3][-]{subsubsection.6.1.2}{Grupowanie za pomoca algorytmu k-medoid\363w }{subsection.6.1}% 19
\BOOKMARK [3][-]{subsubsection.6.1.3}{Grupowanie za pomoca algorytmu hierarchicznego }{subsection.6.1}% 20
\BOOKMARK [3][-]{subsubsection.6.1.4}{Klasyfikacja za pomoca drzew decyzyjnych i algorytmu knn}{subsection.6.1}% 21
\BOOKMARK [2][-]{subsection.6.2}{Sztuczne anomalie}{section.6}% 22
\BOOKMARK [1][-]{section.7}{Wnioski}{}% 23
\BOOKMARK [2][-]{subsection.7.1}{Wskazniki dla algorytm\363w grupowania}{section.7}% 24
\BOOKMARK [2][-]{subsection.7.2}{Por\363wnanie z klasyfikacja}{section.7}% 25
\BOOKMARK [2][-]{subsection.7.3}{Sztuczne anomalie}{section.7}% 26
